<?xml version="1.0" encoding="UTF-8"?>
<testsuite name="ru.ogrezem.sameFilesRenamer.SameFilesRenamerTest" tests="1" skipped="0" failures="0" errors="0" timestamp="2019-07-13T12:33:46" hostname="Ogrezem-PC" time="0.045">
  <properties/>
  <testcase name="sortSameFiles" classname="ru.ogrezem.sameFilesRenamer.SameFilesRenamerTest" time="0.045"/>
  <system-out><![CDATA[gogo(2).jpg
]]></system-out>
  <system-err><![CDATA[]]></system-err>
</testsuite>
